<?xml version="1.0" encoding="UTF-8"?>
<!-- Generated by org.testng.reporters.JUnitReportReporter -->
<testsuite hostname="dda-PC" name="Testcases_archivesManageModule.TestLoginforpagedb7" tests="1" failures="0" timestamp="26 Dec 2017 11:01:28 GMT" time="1.869" errors="0">
  <testcase name="login" time="1.869" classname="Testcases_archivesManageModule.TestLoginforpagedb7"/>
</testsuite> <!-- Testcases_archivesManageModule.TestLoginforpagedb7 -->
