<?xml version="1.0" encoding="UTF-8"?>
<!-- Generated by org.testng.reporters.JUnitReportReporter -->
<testsuite hostname="dda-PC" name="testcases.login.TestLoginpage" tests="1" failures="0" timestamp="27 Dec 2017 03:23:16 GMT" time="2.888" errors="0">
  <testcase name="login" time="2.888" classname="testcases.login.TestLoginpage"/>
</testsuite> <!-- testcases.login.TestLoginpage -->
