<?xml version="1.0" encoding="UTF-8"?>
<!-- Generated by org.testng.reporters.JUnitReportReporter -->
<testsuite hostname="dda-PC" name="Testcases_archivesManageModule.TestLoginforpagecsv6" tests="1" failures="0" timestamp="25 Dec 2017 07:49:41 GMT" time="4.138" errors="0">
  <testcase name="login" time="4.138" classname="Testcases_archivesManageModule.TestLoginforpagecsv6"/>
</testsuite> <!-- Testcases_archivesManageModule.TestLoginforpagecsv6 -->
