<?xml version="1.0" encoding="UTF-8"?>
<!-- Generated by org.testng.reporters.JUnitReportReporter -->
<testsuite hostname="dda-PC" name="Testcases_archivesManageModule.TestLogin" tests="1" failures="0" timestamp="23 Dec 2017 03:36:39 GMT" time="3.166" errors="0">
  <testcase name="login" time="3.166" classname="Testcases_archivesManageModule.TestLogin"/>
</testsuite> <!-- Testcases_archivesManageModule.TestLogin -->
