<?xml version="1.0" encoding="UTF-8"?>
<!-- Generated by org.testng.reporters.JUnitReportReporter -->
<testsuite hostname="dda-PC" name="testcases.login.TestHomePage" tests="2" failures="0" timestamp="2 Jan 2018 03:55:54 GMT" time="9.714" errors="0">
  <testcase name="login" time="5.071" classname="testcases.login.TestHomePage"/>
  <testcase name="home" time="4.643" classname="testcases.login.TestHomePage"/>
</testsuite> <!-- testcases.login.TestHomePage -->
